  [1m[35m (619.8ms)[0m  [1m[35mCREATE DATABASE "squire_development" ENCODING = 'unicode'[0m
  ↳ bin/rails:9
  [1m[35m (406.6ms)[0m  [1m[35mCREATE DATABASE "squire_test" ENCODING = 'unicode'[0m
  ↳ bin/rails:9
  [1m[35m (31.2ms)[0m  [1m[35mCREATE TABLE "schema_migrations" ("version" character varying NOT NULL PRIMARY KEY)[0m
  ↳ bin/rails:9
  [1m[35m (9.5ms)[0m  [1m[35mCREATE TABLE "ar_internal_metadata" ("key" character varying NOT NULL PRIMARY KEY, "value" character varying, "created_at" timestamp NOT NULL, "updated_at" timestamp NOT NULL)[0m
  ↳ bin/rails:9
  [1m[35m (0.3ms)[0m  [1m[34mSELECT pg_try_advisory_lock(7027000999135617570)[0m
  ↳ bin/rails:9
  [1m[35m (1.5ms)[0m  [1m[34mSELECT "schema_migrations"."version" FROM "schema_migrations" ORDER BY "schema_migrations"."version" ASC[0m
  ↳ bin/rails:9
Migrating to CreateProducts (20180920201415)
  [1m[35m (0.3ms)[0m  [1m[35mBEGIN[0m
  ↳ bin/rails:9
  [1m[35m (18.6ms)[0m  [1m[35mCREATE TABLE "products" ("id" bigserial primary key, "name" character varying, "brand" character varying, "description" character varying, "price" decimal(7,2) DEFAULT 0, "img_url" text, "product_url" text, "created_at" timestamp NOT NULL, "updated_at" timestamp NOT NULL)[0m
  ↳ db/migrate/20180920201415_create_products.rb:3
  [1m[36mActiveRecord::SchemaMigration Create (1.0ms)[0m  [1m[32mINSERT INTO "schema_migrations" ("version") VALUES ($1) RETURNING "version"[0m  [["version", "20180920201415"]]
  ↳ bin/rails:9
  [1m[35m (0.9ms)[0m  [1m[35mCOMMIT[0m
  ↳ bin/rails:9
Migrating to CreateComments (20180920201455)
  [1m[35m (0.5ms)[0m  [1m[35mBEGIN[0m
  ↳ bin/rails:9
  [1m[35m (14.8ms)[0m  [1m[35mCREATE TABLE "comments" ("id" bigserial primary key, "creator" character varying, "content" text, "product_id" bigint, "created_at" timestamp NOT NULL, "updated_at" timestamp NOT NULL, CONSTRAINT "fk_rails_a0d280f6e4"
FOREIGN KEY ("product_id")
  REFERENCES "products" ("id")
)[0m
  ↳ db/migrate/20180920201455_create_comments.rb:3
  [1m[35m (1.7ms)[0m  [1m[35mCREATE  INDEX  "index_comments_on_product_id" ON "comments"  ("product_id")[0m
  ↳ db/migrate/20180920201455_create_comments.rb:3
  [1m[36mActiveRecord::SchemaMigration Create (0.2ms)[0m  [1m[32mINSERT INTO "schema_migrations" ("version") VALUES ($1) RETURNING "version"[0m  [["version", "20180920201455"]]
  ↳ bin/rails:9
  [1m[35m (0.5ms)[0m  [1m[35mCOMMIT[0m
  ↳ bin/rails:9
  [1m[36mActiveRecord::InternalMetadata Load (0.5ms)[0m  [1m[34mSELECT  "ar_internal_metadata".* FROM "ar_internal_metadata" WHERE "ar_internal_metadata"."key" = $1 LIMIT $2[0m  [["key", "environment"], ["LIMIT", 1]]
  ↳ bin/rails:9
  [1m[35m (0.2ms)[0m  [1m[35mBEGIN[0m
  ↳ bin/rails:9
  [1m[36mActiveRecord::InternalMetadata Create (0.4ms)[0m  [1m[32mINSERT INTO "ar_internal_metadata" ("key", "value", "created_at", "updated_at") VALUES ($1, $2, $3, $4) RETURNING "key"[0m  [["key", "environment"], ["value", "development"], ["created_at", "2018-09-20 20:25:54.896930"], ["updated_at", "2018-09-20 20:25:54.896930"]]
  ↳ bin/rails:9
  [1m[35m (0.5ms)[0m  [1m[35mCOMMIT[0m
  ↳ bin/rails:9
  [1m[35m (0.3ms)[0m  [1m[34mSELECT pg_advisory_unlock(7027000999135617570)[0m
  ↳ bin/rails:9
  [1m[35m (0.5ms)[0m  [1m[34mSELECT "schema_migrations"."version" FROM "schema_migrations" ORDER BY "schema_migrations"."version" ASC[0m
  ↳ bin/rails:9
  [1m[35m (0.7ms)[0m  [1m[34mSELECT "schema_migrations"."version" FROM "schema_migrations" ORDER BY "schema_migrations"."version" ASC[0m
  ↳ bin/rails:9
  [1m[36mComment Destroy (2.1ms)[0m  [1m[31mDELETE FROM "comments"[0m
  ↳ db/seeds.rb:9
  [1m[36mProduct Destroy (0.9ms)[0m  [1m[31mDELETE FROM "products"[0m
  ↳ db/seeds.rb:10
  [1m[35m (0.2ms)[0m  [1m[35mBEGIN[0m
  ↳ db/seeds.rb:15
  [1m[36mProduct Exists (0.4ms)[0m  [1m[34mSELECT  1 AS one FROM "products" WHERE "products"."brand" = $1 LIMIT $2[0m  [["brand", "New Republic"], ["LIMIT", 1]]
  ↳ db/seeds.rb:15
  [1m[36mProduct Create (0.7ms)[0m  [1m[32mINSERT INTO "products" ("name", "brand", "description", "price", "img_url", "product_url", "created_at", "updated_at") VALUES ($1, $2, $3, $4, $5, $6, $7, $8) RETURNING "id"[0m  [["name", "Chuck Suede Chelsea Boot"], ["brand", "New Republic"], ["description", "The boot that launched a thosand fits"], ["price", "0.0"], ["img_url", "https://cdn.shopify.com/s/files/1/1223/5758/products/chucksnd1_1_2048x2048.jpg?v=1510267739"], ["product_url", "https://www.newrepublicman.com/products/chuck-chelsea-boot?variant=1694124081176&utm_source=tbpepperjam&utm_medium=21181&utm_campaign=2-312517&clickId=2442610739"], ["created_at", "2018-09-20 20:28:41.167507"], ["updated_at", "2018-09-20 20:28:41.167507"]]
  ↳ db/seeds.rb:15
  [1m[35m (4.7ms)[0m  [1m[35mCOMMIT[0m
  ↳ db/seeds.rb:15
  [1m[35m (0.1ms)[0m  [1m[35mBEGIN[0m
  ↳ db/seeds.rb:18
  [1m[36mComment Create (8.7ms)[0m  [1m[32mINSERT INTO "comments" ("creator", "content", "product_id", "created_at", "updated_at") VALUES ($1, $2, $3, $4, $5) RETURNING "id"[0m  [["creator", "Santiago Valencia"], ["content", "Shoe sizes are completely off, I always buy size 10 but I had to return the shoes as they were too large. Pictures on the web site are not accurate for the products. I then returned the shoes and was never credited back on my card."], ["product_id", 1], ["created_at", "2018-09-20 20:28:41.189635"], ["updated_at", "2018-09-20 20:28:41.189635"]]
  ↳ db/seeds.rb:18
  [1m[35m (0.4ms)[0m  [1m[35mCOMMIT[0m
  ↳ db/seeds.rb:18
Started GET "/products" for 127.0.0.1 at 2018-09-20 16:36:46 -0400
  [1m[35m (0.5ms)[0m  [1m[34mSELECT "schema_migrations"."version" FROM "schema_migrations" ORDER BY "schema_migrations"."version" ASC[0m
  ↳ /usr/local/lib/ruby/gems/2.5.0/gems/activerecord-5.2.1/lib/active_record/log_subscriber.rb:98
  
ActionController::RoutingError (No route matches [GET] "/products"):
  
actionpack (5.2.1) lib/action_dispatch/middleware/debug_exceptions.rb:65:in `call'
actionpack (5.2.1) lib/action_dispatch/middleware/show_exceptions.rb:33:in `call'
railties (5.2.1) lib/rails/rack/logger.rb:38:in `call_app'
railties (5.2.1) lib/rails/rack/logger.rb:26:in `block in call'
activesupport (5.2.1) lib/active_support/tagged_logging.rb:71:in `block in tagged'
activesupport (5.2.1) lib/active_support/tagged_logging.rb:28:in `tagged'
activesupport (5.2.1) lib/active_support/tagged_logging.rb:71:in `tagged'
railties (5.2.1) lib/rails/rack/logger.rb:26:in `call'
actionpack (5.2.1) lib/action_dispatch/middleware/remote_ip.rb:81:in `call'
actionpack (5.2.1) lib/action_dispatch/middleware/request_id.rb:27:in `call'
rack (2.0.5) lib/rack/runtime.rb:22:in `call'
activesupport (5.2.1) lib/active_support/cache/strategy/local_cache_middleware.rb:29:in `call'
actionpack (5.2.1) lib/action_dispatch/middleware/executor.rb:14:in `call'
actionpack (5.2.1) lib/action_dispatch/middleware/static.rb:127:in `call'
rack (2.0.5) lib/rack/sendfile.rb:111:in `call'
railties (5.2.1) lib/rails/engine.rb:524:in `call'
puma (3.12.0) lib/puma/configuration.rb:225:in `call'
puma (3.12.0) lib/puma/server.rb:658:in `handle_request'
puma (3.12.0) lib/puma/server.rb:472:in `process_client'
puma (3.12.0) lib/puma/server.rb:332:in `block in run'
puma (3.12.0) lib/puma/thread_pool.rb:133:in `block in spawn_thread'
Started GET "/products" for 127.0.0.1 at 2018-09-20 16:39:10 -0400
Processing by ProductsController#index as */*
  Parameters: {"product"=>{}}
  [1m[36mProduct Load (0.9ms)[0m  [1m[34mSELECT "products".* FROM "products"[0m
  ↳ app/controllers/products_controller.rb:5
  [1m[36mComment Load (0.4ms)[0m  [1m[34mSELECT "comments".* FROM "comments" WHERE "comments"."product_id" = $1[0m  [["product_id", 1]]
  ↳ app/controllers/products_controller.rb:5
Completed 200 OK in 50ms (Views: 43.5ms | ActiveRecord: 9.8ms)


Started GET "/products/new" for 127.0.0.1 at 2018-09-20 16:39:36 -0400
Processing by ProductsController#show as */*
  Parameters: {"id"=>"new", "product"=>{}}
  [1m[36mProduct Load (0.3ms)[0m  [1m[34mSELECT  "products".* FROM "products" WHERE "products"."id" = $1 LIMIT $2[0m  [["id", 0], ["LIMIT", 1]]
  ↳ app/controllers/products_controller.rb:11
Completed 404 Not Found in 2ms (ActiveRecord: 0.3ms)


  
ActiveRecord::RecordNotFound (Couldn't find Product with 'id'=new):
  
app/controllers/products_controller.rb:11:in `show'
Started GET "/products/1" for 127.0.0.1 at 2018-09-20 16:45:01 -0400
Processing by ProductsController#show as */*
  Parameters: {"id"=>"1", "product"=>{}}
  [1m[36mProduct Load (0.7ms)[0m  [1m[34mSELECT  "products".* FROM "products" WHERE "products"."id" = $1 LIMIT $2[0m  [["id", 1], ["LIMIT", 1]]
  ↳ app/controllers/products_controller.rb:11
  [1m[36mComment Load (0.7ms)[0m  [1m[34mSELECT "comments".* FROM "comments" WHERE "comments"."product_id" = $1[0m  [["product_id", 1]]
  ↳ app/controllers/products_controller.rb:12
Completed 200 OK in 14ms (Views: 9.0ms | ActiveRecord: 1.4ms)


Started GET "/" for 127.0.0.1 at 2018-09-20 16:57:58 -0400
  [1m[35m (0.6ms)[0m  [1m[34mSELECT "schema_migrations"."version" FROM "schema_migrations" ORDER BY "schema_migrations"."version" ASC[0m
  ↳ /usr/local/lib/ruby/gems/2.5.0/gems/activerecord-5.2.1/lib/active_record/log_subscriber.rb:98
Processing by Rails::WelcomeController#index as HTML
  Rendering /usr/local/lib/ruby/gems/2.5.0/gems/railties-5.2.1/lib/rails/templates/rails/welcome/index.html.erb
  Rendered /usr/local/lib/ruby/gems/2.5.0/gems/railties-5.2.1/lib/rails/templates/rails/welcome/index.html.erb (4.1ms)
Completed 200 OK in 20ms (Views: 16.9ms | ActiveRecord: 0.0ms)


Started GET "/products" for 127.0.0.1 at 2018-09-20 16:58:02 -0400
Processing by ProductsController#index as HTML
  [1m[36mProduct Load (0.7ms)[0m  [1m[34mSELECT "products".* FROM "products"[0m
  ↳ app/controllers/products_controller.rb:5
  [1m[36mComment Load (0.5ms)[0m  [1m[34mSELECT "comments".* FROM "comments" WHERE "comments"."product_id" = $1[0m  [["product_id", 1]]
  ↳ app/controllers/products_controller.rb:5
Completed 200 OK in 61ms (Views: 39.5ms | ActiveRecord: 14.5ms)


Started GET "/products" for 127.0.0.1 at 2018-09-20 16:59:08 -0400
Processing by ProductsController#index as HTML
  [1m[36mProduct Load (0.3ms)[0m  [1m[34mSELECT "products".* FROM "products"[0m
  ↳ app/controllers/products_controller.rb:5
  [1m[36mComment Load (0.2ms)[0m  [1m[34mSELECT "comments".* FROM "comments" WHERE "comments"."product_id" = $1[0m  [["product_id", 1]]
  ↳ app/controllers/products_controller.rb:5
Completed 200 OK in 3ms (Views: 2.2ms | ActiveRecord: 0.5ms)


Started GET "/" for 127.0.0.1 at 2018-09-20 19:39:14 -0400
  [1m[35m (0.6ms)[0m  [1m[34mSELECT "schema_migrations"."version" FROM "schema_migrations" ORDER BY "schema_migrations"."version" ASC[0m
  ↳ /usr/local/lib/ruby/gems/2.5.0/gems/activerecord-5.2.1/lib/active_record/log_subscriber.rb:98
Processing by Rails::WelcomeController#index as HTML
  Rendering /usr/local/lib/ruby/gems/2.5.0/gems/railties-5.2.1/lib/rails/templates/rails/welcome/index.html.erb
  Rendered /usr/local/lib/ruby/gems/2.5.0/gems/railties-5.2.1/lib/rails/templates/rails/welcome/index.html.erb (3.1ms)
Completed 200 OK in 14ms (Views: 10.5ms | ActiveRecord: 0.0ms)


Started GET "/products" for 127.0.0.1 at 2018-09-20 19:39:18 -0400
Processing by ProductsController#index as HTML
  [1m[36mProduct Load (0.6ms)[0m  [1m[34mSELECT "products".* FROM "products"[0m
  ↳ app/controllers/products_controller.rb:5
  [1m[36mComment Load (0.6ms)[0m  [1m[34mSELECT "comments".* FROM "comments" WHERE "comments"."product_id" = $1[0m  [["product_id", 1]]
  ↳ app/controllers/products_controller.rb:5
Completed 200 OK in 50ms (Views: 33.9ms | ActiveRecord: 9.1ms)


Started GET "/products/1" for 127.0.0.1 at 2018-09-20 19:39:24 -0400
Processing by ProductsController#show as HTML
  Parameters: {"id"=>"1"}
  [1m[36mProduct Load (0.3ms)[0m  [1m[34mSELECT  "products".* FROM "products" WHERE "products"."id" = $1 LIMIT $2[0m  [["id", 1], ["LIMIT", 1]]
  ↳ app/controllers/products_controller.rb:11
  [1m[36mComment Load (0.3ms)[0m  [1m[34mSELECT "comments".* FROM "comments" WHERE "comments"."product_id" = $1[0m  [["product_id", 1]]
  ↳ app/controllers/products_controller.rb:12
Completed 200 OK in 4ms (Views: 2.1ms | ActiveRecord: 0.6ms)


Started GET "/products" for 127.0.0.1 at 2018-09-20 19:41:31 -0400
Processing by ProductsController#index as HTML
  [1m[36mProduct Load (0.3ms)[0m  [1m[34mSELECT "products".* FROM "products"[0m
  ↳ app/controllers/products_controller.rb:5
  [1m[36mComment Load (0.2ms)[0m  [1m[34mSELECT "comments".* FROM "comments" WHERE "comments"."product_id" = $1[0m  [["product_id", 1]]
  ↳ app/controllers/products_controller.rb:5
Completed 200 OK in 3ms (Views: 2.3ms | ActiveRecord: 0.5ms)


Started GET "/products/2" for 127.0.0.1 at 2018-09-20 19:41:34 -0400
Processing by ProductsController#show as HTML
  Parameters: {"id"=>"2"}
  [1m[36mProduct Load (0.3ms)[0m  [1m[34mSELECT  "products".* FROM "products" WHERE "products"."id" = $1 LIMIT $2[0m  [["id", 2], ["LIMIT", 1]]
  ↳ app/controllers/products_controller.rb:11
Completed 404 Not Found in 1ms (ActiveRecord: 0.3ms)


  
ActiveRecord::RecordNotFound (Couldn't find Product with 'id'=2):
  
app/controllers/products_controller.rb:11:in `show'
Started GET "/products/1" for 127.0.0.1 at 2018-09-20 19:43:25 -0400
Processing by ProductsController#show as HTML
  Parameters: {"id"=>"1"}
  [1m[36mProduct Load (0.7ms)[0m  [1m[34mSELECT  "products".* FROM "products" WHERE "products"."id" = $1 LIMIT $2[0m  [["id", 1], ["LIMIT", 1]]
  ↳ app/controllers/products_controller.rb:11
  [1m[36mComment Load (0.3ms)[0m  [1m[34mSELECT "comments".* FROM "comments" WHERE "comments"."product_id" = $1[0m  [["product_id", 1]]
  ↳ app/controllers/products_controller.rb:12
Completed 200 OK in 6ms (Views: 2.4ms | ActiveRecord: 1.9ms)


Started DELETE "/products/1" for 127.0.0.1 at 2018-09-20 19:43:47 -0400
Error occurred while parsing request parameters.
Contents:

{
	"product": {
		"name": "Kinfe",
		"brand": "Poglia"
		"description": "white"
		"condition": "new"
		"image": ""
		"user_id":
		
	}
}

  
ActionDispatch::Http::Parameters::ParseError (765: unexpected token at '{
	"product": {
		"name": "Kinfe",
		"brand": "Poglia"
		"description": "white"
		"condition": "new"
		"image": ""
		"user_id":
		
	}
}
'):
  
actionpack (5.2.1) lib/action_dispatch/http/parameters.rb:117:in `rescue in parse_formatted_parameters'
actionpack (5.2.1) lib/action_dispatch/http/parameters.rb:111:in `parse_formatted_parameters'
actionpack (5.2.1) lib/action_dispatch/http/request.rb:381:in `block in POST'
rack (2.0.5) lib/rack/request.rb:57:in `fetch'
rack (2.0.5) lib/rack/request.rb:57:in `fetch_header'
actionpack (5.2.1) lib/action_dispatch/http/request.rb:380:in `POST'
actionpack (5.2.1) lib/action_dispatch/http/parameters.rb:55:in `parameters'
actionpack (5.2.1) lib/action_controller/metal/params_wrapper.rb:290:in `_wrapper_enabled?'
actionpack (5.2.1) lib/action_controller/metal/params_wrapper.rb:244:in `process_action'
activerecord (5.2.1) lib/active_record/railties/controller_runtime.rb:24:in `process_action'
actionpack (5.2.1) lib/abstract_controller/base.rb:134:in `process'
actionpack (5.2.1) lib/action_controller/metal.rb:191:in `dispatch'
actionpack (5.2.1) lib/action_controller/metal.rb:252:in `dispatch'
actionpack (5.2.1) lib/action_dispatch/routing/route_set.rb:52:in `dispatch'
actionpack (5.2.1) lib/action_dispatch/routing/route_set.rb:34:in `serve'
actionpack (5.2.1) lib/action_dispatch/journey/router.rb:52:in `block in serve'
actionpack (5.2.1) lib/action_dispatch/journey/router.rb:35:in `each'
actionpack (5.2.1) lib/action_dispatch/journey/router.rb:35:in `serve'
actionpack (5.2.1) lib/action_dispatch/routing/route_set.rb:840:in `call'
rack (2.0.5) lib/rack/etag.rb:25:in `call'
rack (2.0.5) lib/rack/conditional_get.rb:38:in `call'
rack (2.0.5) lib/rack/head.rb:12:in `call'
activerecord (5.2.1) lib/active_record/migration.rb:559:in `call'
actionpack (5.2.1) lib/action_dispatch/middleware/callbacks.rb:28:in `block in call'
activesupport (5.2.1) lib/active_support/callbacks.rb:98:in `run_callbacks'
actionpack (5.2.1) lib/action_dispatch/middleware/callbacks.rb:26:in `call'
actionpack (5.2.1) lib/action_dispatch/middleware/executor.rb:14:in `call'
actionpack (5.2.1) lib/action_dispatch/middleware/debug_exceptions.rb:61:in `call'
actionpack (5.2.1) lib/action_dispatch/middleware/show_exceptions.rb:33:in `call'
railties (5.2.1) lib/rails/rack/logger.rb:38:in `call_app'
railties (5.2.1) lib/rails/rack/logger.rb:26:in `block in call'
activesupport (5.2.1) lib/active_support/tagged_logging.rb:71:in `block in tagged'
activesupport (5.2.1) lib/active_support/tagged_logging.rb:28:in `tagged'
activesupport (5.2.1) lib/active_support/tagged_logging.rb:71:in `tagged'
railties (5.2.1) lib/rails/rack/logger.rb:26:in `call'
actionpack (5.2.1) lib/action_dispatch/middleware/remote_ip.rb:81:in `call'
actionpack (5.2.1) lib/action_dispatch/middleware/request_id.rb:27:in `call'
rack (2.0.5) lib/rack/runtime.rb:22:in `call'
activesupport (5.2.1) lib/active_support/cache/strategy/local_cache_middleware.rb:29:in `call'
actionpack (5.2.1) lib/action_dispatch/middleware/executor.rb:14:in `call'
actionpack (5.2.1) lib/action_dispatch/middleware/static.rb:127:in `call'
rack (2.0.5) lib/rack/sendfile.rb:111:in `call'
railties (5.2.1) lib/rails/engine.rb:524:in `call'
puma (3.12.0) lib/puma/configuration.rb:225:in `call'
puma (3.12.0) lib/puma/server.rb:658:in `handle_request'
puma (3.12.0) lib/puma/server.rb:472:in `process_client'
puma (3.12.0) lib/puma/server.rb:332:in `block in run'
puma (3.12.0) lib/puma/thread_pool.rb:133:in `block in spawn_thread'
Started GET "/products/1" for 127.0.0.1 at 2018-09-20 19:43:51 -0400
Processing by ProductsController#show as */*
  Parameters: {"id"=>"1", "product"=>{}}
  [1m[36mProduct Load (0.4ms)[0m  [1m[34mSELECT  "products".* FROM "products" WHERE "products"."id" = $1 LIMIT $2[0m  [["id", 1], ["LIMIT", 1]]
  ↳ app/controllers/products_controller.rb:11
  [1m[36mComment Load (0.3ms)[0m  [1m[34mSELECT "comments".* FROM "comments" WHERE "comments"."product_id" = $1[0m  [["product_id", 1]]
  ↳ app/controllers/products_controller.rb:12
Completed 200 OK in 3ms (Views: 1.6ms | ActiveRecord: 0.7ms)


Started GET "/products/1" for 127.0.0.1 at 2018-09-20 19:43:53 -0400
Processing by ProductsController#show as */*
  Parameters: {"id"=>"1", "product"=>{}}
  [1m[36mProduct Load (0.4ms)[0m  [1m[34mSELECT  "products".* FROM "products" WHERE "products"."id" = $1 LIMIT $2[0m  [["id", 1], ["LIMIT", 1]]
  ↳ app/controllers/products_controller.rb:11
  [1m[36mComment Load (0.3ms)[0m  [1m[34mSELECT "comments".* FROM "comments" WHERE "comments"."product_id" = $1[0m  [["product_id", 1]]
  ↳ app/controllers/products_controller.rb:12
Completed 200 OK in 4ms (Views: 2.1ms | ActiveRecord: 0.7ms)


Started DELETE "/products/1" for 127.0.0.1 at 2018-09-20 19:43:59 -0400
Error occurred while parsing request parameters.
Contents:

{
	"product": {
		"name": "Kinfe",
		"brand": "Poglia"
		"description": "white"
		"condition": "new"
		"image": ""
		"user_id":
		
	}
}

  
ActionDispatch::Http::Parameters::ParseError (765: unexpected token at '{
	"product": {
		"name": "Kinfe",
		"brand": "Poglia"
		"description": "white"
		"condition": "new"
		"image": ""
		"user_id":
		
	}
}
'):
  
actionpack (5.2.1) lib/action_dispatch/http/parameters.rb:117:in `rescue in parse_formatted_parameters'
actionpack (5.2.1) lib/action_dispatch/http/parameters.rb:111:in `parse_formatted_parameters'
actionpack (5.2.1) lib/action_dispatch/http/request.rb:381:in `block in POST'
rack (2.0.5) lib/rack/request.rb:57:in `fetch'
rack (2.0.5) lib/rack/request.rb:57:in `fetch_header'
actionpack (5.2.1) lib/action_dispatch/http/request.rb:380:in `POST'
actionpack (5.2.1) lib/action_dispatch/http/parameters.rb:55:in `parameters'
actionpack (5.2.1) lib/action_controller/metal/params_wrapper.rb:290:in `_wrapper_enabled?'
actionpack (5.2.1) lib/action_controller/metal/params_wrapper.rb:244:in `process_action'
activerecord (5.2.1) lib/active_record/railties/controller_runtime.rb:24:in `process_action'
actionpack (5.2.1) lib/abstract_controller/base.rb:134:in `process'
actionpack (5.2.1) lib/action_controller/metal.rb:191:in `dispatch'
actionpack (5.2.1) lib/action_controller/metal.rb:252:in `dispatch'
actionpack (5.2.1) lib/action_dispatch/routing/route_set.rb:52:in `dispatch'
actionpack (5.2.1) lib/action_dispatch/routing/route_set.rb:34:in `serve'
actionpack (5.2.1) lib/action_dispatch/journey/router.rb:52:in `block in serve'
actionpack (5.2.1) lib/action_dispatch/journey/router.rb:35:in `each'
actionpack (5.2.1) lib/action_dispatch/journey/router.rb:35:in `serve'
actionpack (5.2.1) lib/action_dispatch/routing/route_set.rb:840:in `call'
rack (2.0.5) lib/rack/etag.rb:25:in `call'
rack (2.0.5) lib/rack/conditional_get.rb:38:in `call'
rack (2.0.5) lib/rack/head.rb:12:in `call'
activerecord (5.2.1) lib/active_record/migration.rb:559:in `call'
actionpack (5.2.1) lib/action_dispatch/middleware/callbacks.rb:28:in `block in call'
activesupport (5.2.1) lib/active_support/callbacks.rb:98:in `run_callbacks'
actionpack (5.2.1) lib/action_dispatch/middleware/callbacks.rb:26:in `call'
actionpack (5.2.1) lib/action_dispatch/middleware/executor.rb:14:in `call'
actionpack (5.2.1) lib/action_dispatch/middleware/debug_exceptions.rb:61:in `call'
actionpack (5.2.1) lib/action_dispatch/middleware/show_exceptions.rb:33:in `call'
railties (5.2.1) lib/rails/rack/logger.rb:38:in `call_app'
railties (5.2.1) lib/rails/rack/logger.rb:26:in `block in call'
activesupport (5.2.1) lib/active_support/tagged_logging.rb:71:in `block in tagged'
activesupport (5.2.1) lib/active_support/tagged_logging.rb:28:in `tagged'
activesupport (5.2.1) lib/active_support/tagged_logging.rb:71:in `tagged'
railties (5.2.1) lib/rails/rack/logger.rb:26:in `call'
actionpack (5.2.1) lib/action_dispatch/middleware/remote_ip.rb:81:in `call'
actionpack (5.2.1) lib/action_dispatch/middleware/request_id.rb:27:in `call'
rack (2.0.5) lib/rack/runtime.rb:22:in `call'
activesupport (5.2.1) lib/active_support/cache/strategy/local_cache_middleware.rb:29:in `call'
actionpack (5.2.1) lib/action_dispatch/middleware/executor.rb:14:in `call'
actionpack (5.2.1) lib/action_dispatch/middleware/static.rb:127:in `call'
rack (2.0.5) lib/rack/sendfile.rb:111:in `call'
railties (5.2.1) lib/rails/engine.rb:524:in `call'
puma (3.12.0) lib/puma/configuration.rb:225:in `call'
puma (3.12.0) lib/puma/server.rb:658:in `handle_request'
puma (3.12.0) lib/puma/server.rb:472:in `process_client'
puma (3.12.0) lib/puma/server.rb:332:in `block in run'
puma (3.12.0) lib/puma/thread_pool.rb:133:in `block in spawn_thread'
Started DELETE "/products/1" for 127.0.0.1 at 2018-09-20 19:44:09 -0400
Error occurred while parsing request parameters.
Contents:

{
	"product": {
		"name": "Kinfe",
		"brand": "Poglia"
		"description": "white"
		"condition": "new"
		"image": ""
		"user_id":
		
	}
}

  
ActionDispatch::Http::Parameters::ParseError (765: unexpected token at '{
	"product": {
		"name": "Kinfe",
		"brand": "Poglia"
		"description": "white"
		"condition": "new"
		"image": ""
		"user_id":
		
	}
}
'):
  
actionpack (5.2.1) lib/action_dispatch/http/parameters.rb:117:in `rescue in parse_formatted_parameters'
actionpack (5.2.1) lib/action_dispatch/http/parameters.rb:111:in `parse_formatted_parameters'
actionpack (5.2.1) lib/action_dispatch/http/request.rb:381:in `block in POST'
rack (2.0.5) lib/rack/request.rb:57:in `fetch'
rack (2.0.5) lib/rack/request.rb:57:in `fetch_header'
actionpack (5.2.1) lib/action_dispatch/http/request.rb:380:in `POST'
actionpack (5.2.1) lib/action_dispatch/http/parameters.rb:55:in `parameters'
actionpack (5.2.1) lib/action_controller/metal/params_wrapper.rb:290:in `_wrapper_enabled?'
actionpack (5.2.1) lib/action_controller/metal/params_wrapper.rb:244:in `process_action'
activerecord (5.2.1) lib/active_record/railties/controller_runtime.rb:24:in `process_action'
actionpack (5.2.1) lib/abstract_controller/base.rb:134:in `process'
actionpack (5.2.1) lib/action_controller/metal.rb:191:in `dispatch'
actionpack (5.2.1) lib/action_controller/metal.rb:252:in `dispatch'
actionpack (5.2.1) lib/action_dispatch/routing/route_set.rb:52:in `dispatch'
actionpack (5.2.1) lib/action_dispatch/routing/route_set.rb:34:in `serve'
actionpack (5.2.1) lib/action_dispatch/journey/router.rb:52:in `block in serve'
actionpack (5.2.1) lib/action_dispatch/journey/router.rb:35:in `each'
actionpack (5.2.1) lib/action_dispatch/journey/router.rb:35:in `serve'
actionpack (5.2.1) lib/action_dispatch/routing/route_set.rb:840:in `call'
rack (2.0.5) lib/rack/etag.rb:25:in `call'
rack (2.0.5) lib/rack/conditional_get.rb:38:in `call'
rack (2.0.5) lib/rack/head.rb:12:in `call'
activerecord (5.2.1) lib/active_record/migration.rb:559:in `call'
actionpack (5.2.1) lib/action_dispatch/middleware/callbacks.rb:28:in `block in call'
activesupport (5.2.1) lib/active_support/callbacks.rb:98:in `run_callbacks'
actionpack (5.2.1) lib/action_dispatch/middleware/callbacks.rb:26:in `call'
actionpack (5.2.1) lib/action_dispatch/middleware/executor.rb:14:in `call'
actionpack (5.2.1) lib/action_dispatch/middleware/debug_exceptions.rb:61:in `call'
actionpack (5.2.1) lib/action_dispatch/middleware/show_exceptions.rb:33:in `call'
railties (5.2.1) lib/rails/rack/logger.rb:38:in `call_app'
railties (5.2.1) lib/rails/rack/logger.rb:26:in `block in call'
activesupport (5.2.1) lib/active_support/tagged_logging.rb:71:in `block in tagged'
activesupport (5.2.1) lib/active_support/tagged_logging.rb:28:in `tagged'
activesupport (5.2.1) lib/active_support/tagged_logging.rb:71:in `tagged'
railties (5.2.1) lib/rails/rack/logger.rb:26:in `call'
actionpack (5.2.1) lib/action_dispatch/middleware/remote_ip.rb:81:in `call'
actionpack (5.2.1) lib/action_dispatch/middleware/request_id.rb:27:in `call'
rack (2.0.5) lib/rack/runtime.rb:22:in `call'
activesupport (5.2.1) lib/active_support/cache/strategy/local_cache_middleware.rb:29:in `call'
actionpack (5.2.1) lib/action_dispatch/middleware/executor.rb:14:in `call'
actionpack (5.2.1) lib/action_dispatch/middleware/static.rb:127:in `call'
rack (2.0.5) lib/rack/sendfile.rb:111:in `call'
railties (5.2.1) lib/rails/engine.rb:524:in `call'
puma (3.12.0) lib/puma/configuration.rb:225:in `call'
puma (3.12.0) lib/puma/server.rb:658:in `handle_request'
puma (3.12.0) lib/puma/server.rb:472:in `process_client'
puma (3.12.0) lib/puma/server.rb:332:in `block in run'
puma (3.12.0) lib/puma/thread_pool.rb:133:in `block in spawn_thread'
Started GET "/products/1" for 127.0.0.1 at 2018-09-20 19:44:15 -0400
Processing by ProductsController#show as */*
  Parameters: {"id"=>"1", "product"=>{}}
  [1m[36mProduct Load (0.3ms)[0m  [1m[34mSELECT  "products".* FROM "products" WHERE "products"."id" = $1 LIMIT $2[0m  [["id", 1], ["LIMIT", 1]]
  ↳ app/controllers/products_controller.rb:11
  [1m[36mComment Load (0.3ms)[0m  [1m[34mSELECT "comments".* FROM "comments" WHERE "comments"."product_id" = $1[0m  [["product_id", 1]]
  ↳ app/controllers/products_controller.rb:12
Completed 200 OK in 3ms (Views: 1.9ms | ActiveRecord: 0.5ms)


Started DELETE "/products/1" for 127.0.0.1 at 2018-09-20 19:44:25 -0400
Error occurred while parsing request parameters.
Contents:

{
	"product": {
		"name": "Kinfe",
		"brand": "Poglia"
		"description": "white"
		"condition": "new"
		"image": ""
		"user_id":
		
	}
}

  
ActionDispatch::Http::Parameters::ParseError (765: unexpected token at '{
	"product": {
		"name": "Kinfe",
		"brand": "Poglia"
		"description": "white"
		"condition": "new"
		"image": ""
		"user_id":
		
	}
}
'):
  
actionpack (5.2.1) lib/action_dispatch/http/parameters.rb:117:in `rescue in parse_formatted_parameters'
actionpack (5.2.1) lib/action_dispatch/http/parameters.rb:111:in `parse_formatted_parameters'
actionpack (5.2.1) lib/action_dispatch/http/request.rb:381:in `block in POST'
rack (2.0.5) lib/rack/request.rb:57:in `fetch'
rack (2.0.5) lib/rack/request.rb:57:in `fetch_header'
actionpack (5.2.1) lib/action_dispatch/http/request.rb:380:in `POST'
actionpack (5.2.1) lib/action_dispatch/http/parameters.rb:55:in `parameters'
actionpack (5.2.1) lib/action_controller/metal/params_wrapper.rb:290:in `_wrapper_enabled?'
actionpack (5.2.1) lib/action_controller/metal/params_wrapper.rb:244:in `process_action'
activerecord (5.2.1) lib/active_record/railties/controller_runtime.rb:24:in `process_action'
actionpack (5.2.1) lib/abstract_controller/base.rb:134:in `process'
actionpack (5.2.1) lib/action_controller/metal.rb:191:in `dispatch'
actionpack (5.2.1) lib/action_controller/metal.rb:252:in `dispatch'
actionpack (5.2.1) lib/action_dispatch/routing/route_set.rb:52:in `dispatch'
actionpack (5.2.1) lib/action_dispatch/routing/route_set.rb:34:in `serve'
actionpack (5.2.1) lib/action_dispatch/journey/router.rb:52:in `block in serve'
actionpack (5.2.1) lib/action_dispatch/journey/router.rb:35:in `each'
actionpack (5.2.1) lib/action_dispatch/journey/router.rb:35:in `serve'
actionpack (5.2.1) lib/action_dispatch/routing/route_set.rb:840:in `call'
rack (2.0.5) lib/rack/etag.rb:25:in `call'
rack (2.0.5) lib/rack/conditional_get.rb:38:in `call'
rack (2.0.5) lib/rack/head.rb:12:in `call'
activerecord (5.2.1) lib/active_record/migration.rb:559:in `call'
actionpack (5.2.1) lib/action_dispatch/middleware/callbacks.rb:28:in `block in call'
activesupport (5.2.1) lib/active_support/callbacks.rb:98:in `run_callbacks'
actionpack (5.2.1) lib/action_dispatch/middleware/callbacks.rb:26:in `call'
actionpack (5.2.1) lib/action_dispatch/middleware/executor.rb:14:in `call'
actionpack (5.2.1) lib/action_dispatch/middleware/debug_exceptions.rb:61:in `call'
actionpack (5.2.1) lib/action_dispatch/middleware/show_exceptions.rb:33:in `call'
railties (5.2.1) lib/rails/rack/logger.rb:38:in `call_app'
railties (5.2.1) lib/rails/rack/logger.rb:26:in `block in call'
activesupport (5.2.1) lib/active_support/tagged_logging.rb:71:in `block in tagged'
activesupport (5.2.1) lib/active_support/tagged_logging.rb:28:in `tagged'
activesupport (5.2.1) lib/active_support/tagged_logging.rb:71:in `tagged'
railties (5.2.1) lib/rails/rack/logger.rb:26:in `call'
actionpack (5.2.1) lib/action_dispatch/middleware/remote_ip.rb:81:in `call'
actionpack (5.2.1) lib/action_dispatch/middleware/request_id.rb:27:in `call'
rack (2.0.5) lib/rack/runtime.rb:22:in `call'
activesupport (5.2.1) lib/active_support/cache/strategy/local_cache_middleware.rb:29:in `call'
actionpack (5.2.1) lib/action_dispatch/middleware/executor.rb:14:in `call'
actionpack (5.2.1) lib/action_dispatch/middleware/static.rb:127:in `call'
rack (2.0.5) lib/rack/sendfile.rb:111:in `call'
railties (5.2.1) lib/rails/engine.rb:524:in `call'
puma (3.12.0) lib/puma/configuration.rb:225:in `call'
puma (3.12.0) lib/puma/server.rb:658:in `handle_request'
puma (3.12.0) lib/puma/server.rb:472:in `process_client'
puma (3.12.0) lib/puma/server.rb:332:in `block in run'
puma (3.12.0) lib/puma/thread_pool.rb:133:in `block in spawn_thread'
Started GET "/" for 127.0.0.1 at 2018-09-21 09:35:16 -0400
  [1m[35m (2.6ms)[0m  [1m[34mSELECT "schema_migrations"."version" FROM "schema_migrations" ORDER BY "schema_migrations"."version" ASC[0m
  ↳ /usr/local/lib/ruby/gems/2.5.0/gems/activerecord-5.2.1/lib/active_record/log_subscriber.rb:98
Processing by Rails::WelcomeController#index as HTML
  Rendering /usr/local/lib/ruby/gems/2.5.0/gems/railties-5.2.1/lib/rails/templates/rails/welcome/index.html.erb
  Rendered /usr/local/lib/ruby/gems/2.5.0/gems/railties-5.2.1/lib/rails/templates/rails/welcome/index.html.erb (3.3ms)
Completed 200 OK in 19ms (Views: 14.3ms | ActiveRecord: 0.0ms)


Started GET "/products" for 127.0.0.1 at 2018-09-21 09:35:22 -0400
Processing by ProductsController#index as HTML
  [1m[36mProduct Load (1.4ms)[0m  [1m[34mSELECT "products".* FROM "products"[0m
  ↳ app/controllers/products_controller.rb:5
  [1m[36mComment Load (1.0ms)[0m  [1m[34mSELECT "comments".* FROM "comments" WHERE "comments"."product_id" = $1[0m  [["product_id", 1]]
  ↳ app/controllers/products_controller.rb:5
Completed 200 OK in 51ms (Views: 27.6ms | ActiveRecord: 19.6ms)


Started GET "/" for 127.0.0.1 at 2018-09-21 11:22:59 -0400
Processing by Rails::WelcomeController#index as HTML
  Rendering /usr/local/lib/ruby/gems/2.5.0/gems/railties-5.2.1/lib/rails/templates/rails/welcome/index.html.erb
  Rendered /usr/local/lib/ruby/gems/2.5.0/gems/railties-5.2.1/lib/rails/templates/rails/welcome/index.html.erb (3.2ms)
Completed 200 OK in 12ms (Views: 7.8ms | ActiveRecord: 0.0ms)


